<?xml version="1.0" encoding="UTF-8"?>
<testsuite xmlns:xsi="http://www.w3.org/2001/XMLSchema-instance" xsi:noNamespaceSchemaLocation="https://maven.apache.org/surefire/maven-surefire-plugin/xsd/surefire-test-report.xsd" name="com.redhat.hotrod.hotrodspringboot.HotrodspringbootApplicationTests" time="5.119" tests="1" errors="0" skipped="0" failures="0">
  <properties>
    <property name="gopherProxySet" value="false"/>
    <property name="awt.toolkit" value="sun.lwawt.macosx.LWCToolkit"/>
    <property name="java.specification.version" value="11"/>
    <property name="sun.cpu.isalist" value=""/>
    <property name="sun.jnu.encoding" value="UTF-8"/>
    <property name="java.class.path" value="/Users/alexanderbarbosaayala/Documents/workspace/hotrodJSON/hotrodspringboot/target/test-classes:/Users/alexanderbarbosaayala/Documents/workspace/hotrodJSON/hotrodspringboot/target/classes:/Users/alexanderbarbosaayala/.m2/repository/org/springframework/boot/spring-boot-starter-web/2.7.0/spring-boot-starter-web-2.7.0.jar:/Users/alexanderbarbosaayala/.m2/repository/org/springframework/boot/spring-boot-starter/2.7.0/spring-boot-starter-2.7.0.jar:/Users/alexanderbarbosaayala/.m2/repository/org/springframework/boot/spring-boot/2.7.0/spring-boot-2.7.0.jar:/Users/alexanderbarbosaayala/.m2/repository/org/springframework/boot/spring-boot-autoconfigure/2.7.0/spring-boot-autoconfigure-2.7.0.jar:/Users/alexanderbarbosaayala/.m2/repository/org/springframework/boot/spring-boot-starter-logging/2.7.0/spring-boot-starter-logging-2.7.0.jar:/Users/alexanderbarbosaayala/.m2/repository/ch/qos/logback/logback-classic/1.2.11/logback-classic-1.2.11.jar:/Users/alexanderbarbosaayala/.m2/repository/ch/qos/logback/logback-core/1.2.11/logback-core-1.2.11.jar:/Users/alexanderbarbosaayala/.m2/repository/org/apache/logging/log4j/log4j-to-slf4j/2.17.2/log4j-to-slf4j-2.17.2.jar:/Users/alexanderbarbosaayala/.m2/repository/org/apache/logging/log4j/log4j-api/2.17.2/log4j-api-2.17.2.jar:/Users/alexanderbarbosaayala/.m2/repository/org/slf4j/jul-to-slf4j/1.7.36/jul-to-slf4j-1.7.36.jar:/Users/alexanderbarbosaayala/.m2/repository/jakarta/annotation/jakarta.annotation-api/1.3.5/jakarta.annotation-api-1.3.5.jar:/Users/alexanderbarbosaayala/.m2/repository/org/yaml/snakeyaml/1.30/snakeyaml-1.30.jar:/Users/alexanderbarbosaayala/.m2/repository/org/springframework/boot/spring-boot-starter-json/2.7.0/spring-boot-starter-json-2.7.0.jar:/Users/alexanderbarbosaayala/.m2/repository/com/fasterxml/jackson/core/jackson-databind/2.13.3/jackson-databind-2.13.3.jar:/Users/alexanderbarbosaayala/.m2/repository/com/fasterxml/jackson/core/jackson-annotations/2.13.3/jackson-annotations-2.13.3.jar:/Users/alexanderbarbosaayala/.m2/repository/com/fasterxml/jackson/core/jackson-core/2.13.3/jackson-core-2.13.3.jar:/Users/alexanderbarbosaayala/.m2/repository/com/fasterxml/jackson/datatype/jackson-datatype-jdk8/2.13.3/jackson-datatype-jdk8-2.13.3.jar:/Users/alexanderbarbosaayala/.m2/repository/com/fasterxml/jackson/datatype/jackson-datatype-jsr310/2.13.3/jackson-datatype-jsr310-2.13.3.jar:/Users/alexanderbarbosaayala/.m2/repository/com/fasterxml/jackson/module/jackson-module-parameter-names/2.13.3/jackson-module-parameter-names-2.13.3.jar:/Users/alexanderbarbosaayala/.m2/repository/org/springframework/boot/spring-boot-starter-tomcat/2.7.0/spring-boot-starter-tomcat-2.7.0.jar:/Users/alexanderbarbosaayala/.m2/repository/org/apache/tomcat/embed/tomcat-embed-core/9.0.63/tomcat-embed-core-9.0.63.jar:/Users/alexanderbarbosaayala/.m2/repository/org/apache/tomcat/embed/tomcat-embed-el/9.0.63/tomcat-embed-el-9.0.63.jar:/Users/alexanderbarbosaayala/.m2/repository/org/apache/tomcat/embed/tomcat-embed-websocket/9.0.63/tomcat-embed-websocket-9.0.63.jar:/Users/alexanderbarbosaayala/.m2/repository/org/springframework/spring-web/5.3.20/spring-web-5.3.20.jar:/Users/alexanderbarbosaayala/.m2/repository/org/springframework/spring-beans/5.3.20/spring-beans-5.3.20.jar:/Users/alexanderbarbosaayala/.m2/repository/org/springframework/spring-webmvc/5.3.20/spring-webmvc-5.3.20.jar:/Users/alexanderbarbosaayala/.m2/repository/org/springframework/spring-aop/5.3.20/spring-aop-5.3.20.jar:/Users/alexanderbarbosaayala/.m2/repository/org/springframework/spring-context/5.3.20/spring-context-5.3.20.jar:/Users/alexanderbarbosaayala/.m2/repository/org/springframework/spring-expression/5.3.20/spring-expression-5.3.20.jar:/Users/alexanderbarbosaayala/.m2/repository/org/springframework/boot/spring-boot-starter-test/2.7.0/spring-boot-starter-test-2.7.0.jar:/Users/alexanderbarbosaayala/.m2/repository/org/springframework/boot/spring-boot-test/2.7.0/spring-boot-test-2.7.0.jar:/Users/alexanderbarbosaayala/.m2/repository/org/springframework/boot/spring-boot-test-autoconfigure/2.7.0/spring-boot-test-autoconfigure-2.7.0.jar:/Users/alexanderbarbosaayala/.m2/repository/com/jayway/jsonpath/json-path/2.7.0/json-path-2.7.0.jar:/Users/alexanderbarbosaayala/.m2/repository/net/minidev/json-smart/2.4.8/json-smart-2.4.8.jar:/Users/alexanderbarbosaayala/.m2/repository/net/minidev/accessors-smart/2.4.8/accessors-smart-2.4.8.jar:/Users/alexanderbarbosaayala/.m2/repository/org/ow2/asm/asm/9.1/asm-9.1.jar:/Users/alexanderbarbosaayala/.m2/repository/org/slf4j/slf4j-api/1.7.36/slf4j-api-1.7.36.jar:/Users/alexanderbarbosaayala/.m2/repository/jakarta/xml/bind/jakarta.xml.bind-api/2.3.3/jakarta.xml.bind-api-2.3.3.jar:/Users/alexanderbarbosaayala/.m2/repository/jakarta/activation/jakarta.activation-api/1.2.2/jakarta.activation-api-1.2.2.jar:/Users/alexanderbarbosaayala/.m2/repository/org/assertj/assertj-core/3.22.0/assertj-core-3.22.0.jar:/Users/alexanderbarbosaayala/.m2/repository/org/hamcrest/hamcrest/2.2/hamcrest-2.2.jar:/Users/alexanderbarbosaayala/.m2/repository/org/junit/jupiter/junit-jupiter/5.8.2/junit-jupiter-5.8.2.jar:/Users/alexanderbarbosaayala/.m2/repository/org/junit/jupiter/junit-jupiter-api/5.8.2/junit-jupiter-api-5.8.2.jar:/Users/alexanderbarbosaayala/.m2/repository/org/opentest4j/opentest4j/1.2.0/opentest4j-1.2.0.jar:/Users/alexanderbarbosaayala/.m2/repository/org/junit/platform/junit-platform-commons/1.8.2/junit-platform-commons-1.8.2.jar:/Users/alexanderbarbosaayala/.m2/repository/org/apiguardian/apiguardian-api/1.1.2/apiguardian-api-1.1.2.jar:/Users/alexanderbarbosaayala/.m2/repository/org/junit/jupiter/junit-jupiter-params/5.8.2/junit-jupiter-params-5.8.2.jar:/Users/alexanderbarbosaayala/.m2/repository/org/junit/jupiter/junit-jupiter-engine/5.8.2/junit-jupiter-engine-5.8.2.jar:/Users/alexanderbarbosaayala/.m2/repository/org/junit/platform/junit-platform-engine/1.8.2/junit-platform-engine-1.8.2.jar:/Users/alexanderbarbosaayala/.m2/repository/org/mockito/mockito-core/4.5.1/mockito-core-4.5.1.jar:/Users/alexanderbarbosaayala/.m2/repository/net/bytebuddy/byte-buddy/1.12.10/byte-buddy-1.12.10.jar:/Users/alexanderbarbosaayala/.m2/repository/net/bytebuddy/byte-buddy-agent/1.12.10/byte-buddy-agent-1.12.10.jar:/Users/alexanderbarbosaayala/.m2/repository/org/objenesis/objenesis/3.2/objenesis-3.2.jar:/Users/alexanderbarbosaayala/.m2/repository/org/mockito/mockito-junit-jupiter/4.5.1/mockito-junit-jupiter-4.5.1.jar:/Users/alexanderbarbosaayala/.m2/repository/org/skyscreamer/jsonassert/1.5.0/jsonassert-1.5.0.jar:/Users/alexanderbarbosaayala/.m2/repository/com/vaadin/external/google/android-json/0.0.20131108.vaadin1/android-json-0.0.20131108.vaadin1.jar:/Users/alexanderbarbosaayala/.m2/repository/org/springframework/spring-core/5.3.20/spring-core-5.3.20.jar:/Users/alexanderbarbosaayala/.m2/repository/org/springframework/spring-jcl/5.3.20/spring-jcl-5.3.20.jar:/Users/alexanderbarbosaayala/.m2/repository/org/springframework/spring-test/5.3.20/spring-test-5.3.20.jar:/Users/alexanderbarbosaayala/.m2/repository/org/xmlunit/xmlunit-core/2.9.0/xmlunit-core-2.9.0.jar:/Users/alexanderbarbosaayala/.m2/repository/org/infinispan/infinispan-spring-boot-starter-remote/14.0.2.Final-redhat-00001/infinispan-spring-boot-starter-remote-14.0.2.Final-redhat-00001.jar:/Users/alexanderbarbosaayala/.m2/repository/org/infinispan/infinispan-client-hotrod/14.0.2.Final-redhat-00001/infinispan-client-hotrod-14.0.2.Final-redhat-00001.jar:/Users/alexanderbarbosaayala/.m2/repository/org/wildfly/security/wildfly-elytron-sasl-digest/1.20.1.Final-redhat-00001/wildfly-elytron-sasl-digest-1.20.1.Final-redhat-00001.jar:/Users/alexanderbarbosaayala/.m2/repository/org/wildfly/security/wildfly-elytron-auth-server/1.20.1.Final-redhat-00001/wildfly-elytron-auth-server-1.20.1.Final-redhat-00001.jar:/Users/alexanderbarbosaayala/.m2/repository/org/wildfly/security/wildfly-elytron-auth/1.20.1.Final-redhat-00001/wildfly-elytron-auth-1.20.1.Final-redhat-00001.jar:/Users/alexanderbarbosaayala/.m2/repository/org/wildfly/security/wildfly-elytron-base/1.20.1.Final-redhat-00001/wildfly-elytron-base-1.20.1.Final-redhat-00001.jar:/Users/alexanderbarbosaayala/.m2/repository/org/wildfly/security/wildfly-elytron-permission/1.20.1.Final-redhat-00001/wildfly-elytron-permission-1.20.1.Final-redhat-00001.jar:/Users/alexanderbarbosaayala/.m2/repository/org/wildfly/security/wildfly-elytron-x500/1.20.1.Final-redhat-00001/wildfly-elytron-x500-1.20.1.Final-redhat-00001.jar:/Users/alexanderbarbosaayala/.m2/repository/org/wildfly/security/wildfly-elytron-credential/1.20.1.Final-redhat-00001/wildfly-elytron-credential-1.20.1.Final-redhat-00001.jar:/Users/alexanderbarbosaayala/.m2/repository/org/wildfly/security/wildfly-elytron-keystore/1.20.1.Final-redhat-00001/wildfly-elytron-keystore-1.20.1.Final-redhat-00001.jar:/Users/alexanderbarbosaayala/.m2/repository/org/wildfly/security/wildfly-elytron-x500-cert/1.20.1.Final-redhat-00001/wildfly-elytron-x500-cert-1.20.1.Final-redhat-00001.jar:/Users/alexanderbarbosaayala/.m2/repository/org/wildfly/security/wildfly-elytron-x500-cert-util/1.20.1.Final-redhat-00001/wildfly-elytron-x500-cert-util-1.20.1.Final-redhat-00001.jar:/Users/alexanderbarbosaayala/.m2/repository/org/apache/sshd/sshd-common/2.7.0.redhat-00001/sshd-common-2.7.0.redhat-00001.jar:/Users/alexanderbarbosaayala/.m2/repository/org/slf4j/jcl-over-slf4j/1.7.36/jcl-over-slf4j-1.7.36.jar:/Users/alexanderbarbosaayala/.m2/repository/org/wildfly/security/wildfly-elytron-provider-util/1.20.1.Final-redhat-00001/wildfly-elytron-provider-util-1.20.1.Final-redhat-00001.jar:/Users/alexanderbarbosaayala/.m2/repository/org/wildfly/security/wildfly-elytron-mechanism/1.20.1.Final-redhat-00001/wildfly-elytron-mechanism-1.20.1.Final-redhat-00001.jar:/Users/alexanderbarbosaayala/.m2/repository/org/wildfly/security/wildfly-elytron-http/1.20.1.Final-redhat-00001/wildfly-elytron-http-1.20.1.Final-redhat-00001.jar:/Users/alexanderbarbosaayala/.m2/repository/org/wildfly/security/wildfly-elytron-mechanism-digest/1.20.1.Final-redhat-00001/wildfly-elytron-mechanism-digest-1.20.1.Final-redhat-00001.jar:/Users/alexanderbarbosaayala/.m2/repository/org/wildfly/security/wildfly-elytron-sasl/1.20.1.Final-redhat-00001/wildfly-elytron-sasl-1.20.1.Final-redhat-00001.jar:/Users/alexanderbarbosaayala/.m2/repository/org/wildfly/security/wildfly-elytron-ssl/1.20.1.Final-redhat-00001/wildfly-elytron-ssl-1.20.1.Final-redhat-00001.jar:/Users/alexanderbarbosaayala/.m2/repository/org/wildfly/security/wildfly-elytron-util/1.20.1.Final-redhat-00001/wildfly-elytron-util-1.20.1.Final-redhat-00001.jar:/Users/alexanderbarbosaayala/.m2/repository/org/wildfly/common/wildfly-common/1.5.4.Final-redhat-00001/wildfly-common-1.5.4.Final-redhat-00001.jar:/Users/alexanderbarbosaayala/.m2/repository/org/wildfly/security/wildfly-elytron-sasl-external/1.20.1.Final-redhat-00001/wildfly-elytron-sasl-external-1.20.1.Final-redhat-00001.jar:/Users/alexanderbarbosaayala/.m2/repository/org/wildfly/security/wildfly-elytron-sasl-gs2/1.20.1.Final-redhat-00001/wildfly-elytron-sasl-gs2-1.20.1.Final-redhat-00001.jar:/Users/alexanderbarbosaayala/.m2/repository/org/wildfly/security/wildfly-elytron-asn1/1.20.1.Final-redhat-00001/wildfly-elytron-asn1-1.20.1.Final-redhat-00001.jar:/Users/alexanderbarbosaayala/.m2/repository/org/wildfly/security/wildfly-elytron-mechanism-gssapi/1.20.1.Final-redhat-00001/wildfly-elytron-mechanism-gssapi-1.20.1.Final-redhat-00001.jar:/Users/alexanderbarbosaayala/.m2/repository/org/wildfly/security/wildfly-elytron-security-manager-action/1.20.1.Final-redhat-00001/wildfly-elytron-security-manager-action-1.20.1.Final-redhat-00001.jar:/Users/alexanderbarbosaayala/.m2/repository/org/wildfly/security/wildfly-elytron-sasl-gssapi/1.20.1.Final-redhat-00001/wildfly-elytron-sasl-gssapi-1.20.1.Final-redhat-00001.jar:/Users/alexanderbarbosaayala/.m2/repository/org/wildfly/security/wildfly-elytron-sasl-oauth2/1.20.1.Final-redhat-00001/wildfly-elytron-sasl-oauth2-1.20.1.Final-redhat-00001.jar:/Users/alexanderbarbosaayala/.m2/repository/org/wildfly/security/wildfly-elytron-mechanism-oauth2/1.20.1.Final-redhat-00001/wildfly-elytron-mechanism-oauth2-1.20.1.Final-redhat-00001.jar:/Users/alexanderbarbosaayala/.m2/repository/org/wildfly/security/wildfly-elytron-sasl-plain/1.20.1.Final-redhat-00001/wildfly-elytron-sasl-plain-1.20.1.Final-redhat-00001.jar:/Users/alexanderbarbosaayala/.m2/repository/org/wildfly/security/wildfly-elytron-sasl-scram/1.20.1.Final-redhat-00001/wildfly-elytron-sasl-scram-1.20.1.Final-redhat-00001.jar:/Users/alexanderbarbosaayala/.m2/repository/org/wildfly/security/wildfly-elytron-mechanism-scram/1.20.1.Final-redhat-00001/wildfly-elytron-mechanism-scram-1.20.1.Final-redhat-00001.jar:/Users/alexanderbarbosaayala/.m2/repository/org/wildfly/security/wildfly-elytron-password-impl/1.20.1.Final-redhat-00001/wildfly-elytron-password-impl-1.20.1.Final-redhat-00001.jar:/Users/alexanderbarbosaayala/.m2/repository/io/netty/netty-handler/4.1.77.Final/netty-handler-4.1.77.Final.jar:/Users/alexanderbarbosaayala/.m2/repository/io/netty/netty-common/4.1.77.Final/netty-common-4.1.77.Final.jar:/Users/alexanderbarbosaayala/.m2/repository/io/netty/netty-resolver/4.1.77.Final/netty-resolver-4.1.77.Final.jar:/Users/alexanderbarbosaayala/.m2/repository/io/netty/netty-buffer/4.1.77.Final/netty-buffer-4.1.77.Final.jar:/Users/alexanderbarbosaayala/.m2/repository/io/netty/netty-transport/4.1.77.Final/netty-transport-4.1.77.Final.jar:/Users/alexanderbarbosaayala/.m2/repository/io/netty/netty-codec/4.1.77.Final/netty-codec-4.1.77.Final.jar:/Users/alexanderbarbosaayala/.m2/repository/io/reactivex/rxjava3/rxjava/3.1.4.Final-redhat-00001/rxjava-3.1.4.Final-redhat-00001.jar:/Users/alexanderbarbosaayala/.m2/repository/org/reactivestreams/reactive-streams/1.0.3/reactive-streams-1.0.3.jar:/Users/alexanderbarbosaayala/.m2/repository/io/netty/netty-transport-native-epoll/4.1.77.Final/netty-transport-native-epoll-4.1.77.Final-linux-x86_64.jar:/Users/alexanderbarbosaayala/.m2/repository/io/netty/netty-transport-native-unix-common/4.1.77.Final/netty-transport-native-unix-common-4.1.77.Final.jar:/Users/alexanderbarbosaayala/.m2/repository/io/netty/netty-transport-classes-epoll/4.1.77.Final/netty-transport-classes-epoll-4.1.77.Final.jar:/Users/alexanderbarbosaayala/.m2/repository/jakarta/transaction/jakarta.transaction-api/1.3.3/jakarta.transaction-api-1.3.3.jar:/Users/alexanderbarbosaayala/.m2/repository/org/infinispan/infinispan-commons/14.0.2.Final-redhat-00001/infinispan-commons-14.0.2.Final-redhat-00001.jar:/Users/alexanderbarbosaayala/.m2/repository/org/infinispan/protostream/protostream/4.4.3.Final/protostream-4.4.3.Final.jar:/Users/alexanderbarbosaayala/.m2/repository/org/infinispan/protostream/protostream-types/4.4.3.Final/protostream-types-4.4.3.Final.jar:/Users/alexanderbarbosaayala/.m2/repository/com/github/ben-manes/caffeine/caffeine/2.9.3/caffeine-2.9.3.jar:/Users/alexanderbarbosaayala/.m2/repository/org/jboss/logging/jboss-logging/3.4.3.Final/jboss-logging-3.4.3.Final.jar:/Users/alexanderbarbosaayala/.m2/repository/org/infinispan/infinispan-query-dsl/14.0.2.Final-redhat-00001/infinispan-query-dsl-14.0.2.Final-redhat-00001.jar:/Users/alexanderbarbosaayala/.m2/repository/org/infinispan/infinispan-spring5-common/14.0.2.Final-redhat-00001/infinispan-spring5-common-14.0.2.Final-redhat-00001.jar:/Users/alexanderbarbosaayala/.m2/repository/org/infinispan/infinispan-spring5-remote/14.0.2.Final-redhat-00001/infinispan-spring5-remote-14.0.2.Final-redhat-00001.jar:/Users/alexanderbarbosaayala/.m2/repository/org/infinispan/infinispan-spring5-embedded/14.0.2.Final-redhat-00001/infinispan-spring5-embedded-14.0.2.Final-redhat-00001.jar:/Users/alexanderbarbosaayala/.m2/repository/org/infinispan/infinispan-core/14.0.2.Final-redhat-00001/infinispan-core-14.0.2.Final-redhat-00001.jar:/Users/alexanderbarbosaayala/.m2/repository/org/jgroups/jgroups/5.2.6.Final-redhat-00001/jgroups-5.2.6.Final-redhat-00001.jar:/Users/alexanderbarbosaayala/.m2/repository/org/jboss/threads/jboss-threads/2.3.3.Final-redhat-00001/jboss-threads-2.3.3.Final-redhat-00001.jar:/Users/alexanderbarbosaayala/.m2/repository/org/infinispan/infinispan-remote-query-client/14.0.2.Final-redhat-00001/infinispan-remote-query-client-14.0.2.Final-redhat-00001.jar:/Users/alexanderbarbosaayala/.m2/repository/org/infinispan/protostream/protostream-processor/4.4.1.Final-redhat-00004/protostream-processor-4.4.1.Final-redhat-00004.jar:/Users/alexanderbarbosaayala/.m2/repository/javax/annotation/javax.annotation-api/1.3.2/javax.annotation-api-1.3.2.jar:"/>
    <property name="java.vm.vendor" value="Oracle Corporation"/>
    <property name="sun.arch.data.model" value="64"/>
    <property name="java.vendor.url" value="http://java.oracle.com/"/>
    <property name="user.timezone" value=""/>
    <property name="java.vm.specification.version" value="11"/>
    <property name="os.name" value="Mac OS X"/>
    <property name="sun.java.launcher" value="SUN_STANDARD"/>
    <property name="user.country" value="CO"/>
    <property name="sun.boot.library.path" value="/Users/alexanderbarbosaayala/.sdkman/candidates/java/11.0.2-open/lib"/>
    <property name="sun.java.command" value="/Users/alexanderbarbosaayala/Documents/workspace/hotrodJSON/hotrodspringboot/target/surefire/surefirebooter3726980928359590961.jar /Users/alexanderbarbosaayala/Documents/workspace/hotrodJSON/hotrodspringboot/target/surefire 2023-04-29T09-07-37_837-jvmRun1 surefire14203734155264700165tmp surefire_016545145274815517308tmp"/>
    <property name="http.nonProxyHosts" value="local|*.local|169.254/16|*.169.254/16"/>
    <property name="jdk.debug" value="release"/>
    <property name="surefire.test.class.path" value="/Users/alexanderbarbosaayala/Documents/workspace/hotrodJSON/hotrodspringboot/target/test-classes:/Users/alexanderbarbosaayala/Documents/workspace/hotrodJSON/hotrodspringboot/target/classes:/Users/alexanderbarbosaayala/.m2/repository/org/springframework/boot/spring-boot-starter-web/2.7.0/spring-boot-starter-web-2.7.0.jar:/Users/alexanderbarbosaayala/.m2/repository/org/springframework/boot/spring-boot-starter/2.7.0/spring-boot-starter-2.7.0.jar:/Users/alexanderbarbosaayala/.m2/repository/org/springframework/boot/spring-boot/2.7.0/spring-boot-2.7.0.jar:/Users/alexanderbarbosaayala/.m2/repository/org/springframework/boot/spring-boot-autoconfigure/2.7.0/spring-boot-autoconfigure-2.7.0.jar:/Users/alexanderbarbosaayala/.m2/repository/org/springframework/boot/spring-boot-starter-logging/2.7.0/spring-boot-starter-logging-2.7.0.jar:/Users/alexanderbarbosaayala/.m2/repository/ch/qos/logback/logback-classic/1.2.11/logback-classic-1.2.11.jar:/Users/alexanderbarbosaayala/.m2/repository/ch/qos/logback/logback-core/1.2.11/logback-core-1.2.11.jar:/Users/alexanderbarbosaayala/.m2/repository/org/apache/logging/log4j/log4j-to-slf4j/2.17.2/log4j-to-slf4j-2.17.2.jar:/Users/alexanderbarbosaayala/.m2/repository/org/apache/logging/log4j/log4j-api/2.17.2/log4j-api-2.17.2.jar:/Users/alexanderbarbosaayala/.m2/repository/org/slf4j/jul-to-slf4j/1.7.36/jul-to-slf4j-1.7.36.jar:/Users/alexanderbarbosaayala/.m2/repository/jakarta/annotation/jakarta.annotation-api/1.3.5/jakarta.annotation-api-1.3.5.jar:/Users/alexanderbarbosaayala/.m2/repository/org/yaml/snakeyaml/1.30/snakeyaml-1.30.jar:/Users/alexanderbarbosaayala/.m2/repository/org/springframework/boot/spring-boot-starter-json/2.7.0/spring-boot-starter-json-2.7.0.jar:/Users/alexanderbarbosaayala/.m2/repository/com/fasterxml/jackson/core/jackson-databind/2.13.3/jackson-databind-2.13.3.jar:/Users/alexanderbarbosaayala/.m2/repository/com/fasterxml/jackson/core/jackson-annotations/2.13.3/jackson-annotations-2.13.3.jar:/Users/alexanderbarbosaayala/.m2/repository/com/fasterxml/jackson/core/jackson-core/2.13.3/jackson-core-2.13.3.jar:/Users/alexanderbarbosaayala/.m2/repository/com/fasterxml/jackson/datatype/jackson-datatype-jdk8/2.13.3/jackson-datatype-jdk8-2.13.3.jar:/Users/alexanderbarbosaayala/.m2/repository/com/fasterxml/jackson/datatype/jackson-datatype-jsr310/2.13.3/jackson-datatype-jsr310-2.13.3.jar:/Users/alexanderbarbosaayala/.m2/repository/com/fasterxml/jackson/module/jackson-module-parameter-names/2.13.3/jackson-module-parameter-names-2.13.3.jar:/Users/alexanderbarbosaayala/.m2/repository/org/springframework/boot/spring-boot-starter-tomcat/2.7.0/spring-boot-starter-tomcat-2.7.0.jar:/Users/alexanderbarbosaayala/.m2/repository/org/apache/tomcat/embed/tomcat-embed-core/9.0.63/tomcat-embed-core-9.0.63.jar:/Users/alexanderbarbosaayala/.m2/repository/org/apache/tomcat/embed/tomcat-embed-el/9.0.63/tomcat-embed-el-9.0.63.jar:/Users/alexanderbarbosaayala/.m2/repository/org/apache/tomcat/embed/tomcat-embed-websocket/9.0.63/tomcat-embed-websocket-9.0.63.jar:/Users/alexanderbarbosaayala/.m2/repository/org/springframework/spring-web/5.3.20/spring-web-5.3.20.jar:/Users/alexanderbarbosaayala/.m2/repository/org/springframework/spring-beans/5.3.20/spring-beans-5.3.20.jar:/Users/alexanderbarbosaayala/.m2/repository/org/springframework/spring-webmvc/5.3.20/spring-webmvc-5.3.20.jar:/Users/alexanderbarbosaayala/.m2/repository/org/springframework/spring-aop/5.3.20/spring-aop-5.3.20.jar:/Users/alexanderbarbosaayala/.m2/repository/org/springframework/spring-context/5.3.20/spring-context-5.3.20.jar:/Users/alexanderbarbosaayala/.m2/repository/org/springframework/spring-expression/5.3.20/spring-expression-5.3.20.jar:/Users/alexanderbarbosaayala/.m2/repository/org/springframework/boot/spring-boot-starter-test/2.7.0/spring-boot-starter-test-2.7.0.jar:/Users/alexanderbarbosaayala/.m2/repository/org/springframework/boot/spring-boot-test/2.7.0/spring-boot-test-2.7.0.jar:/Users/alexanderbarbosaayala/.m2/repository/org/springframework/boot/spring-boot-test-autoconfigure/2.7.0/spring-boot-test-autoconfigure-2.7.0.jar:/Users/alexanderbarbosaayala/.m2/repository/com/jayway/jsonpath/json-path/2.7.0/json-path-2.7.0.jar:/Users/alexanderbarbosaayala/.m2/repository/net/minidev/json-smart/2.4.8/json-smart-2.4.8.jar:/Users/alexanderbarbosaayala/.m2/repository/net/minidev/accessors-smart/2.4.8/accessors-smart-2.4.8.jar:/Users/alexanderbarbosaayala/.m2/repository/org/ow2/asm/asm/9.1/asm-9.1.jar:/Users/alexanderbarbosaayala/.m2/repository/org/slf4j/slf4j-api/1.7.36/slf4j-api-1.7.36.jar:/Users/alexanderbarbosaayala/.m2/repository/jakarta/xml/bind/jakarta.xml.bind-api/2.3.3/jakarta.xml.bind-api-2.3.3.jar:/Users/alexanderbarbosaayala/.m2/repository/jakarta/activation/jakarta.activation-api/1.2.2/jakarta.activation-api-1.2.2.jar:/Users/alexanderbarbosaayala/.m2/repository/org/assertj/assertj-core/3.22.0/assertj-core-3.22.0.jar:/Users/alexanderbarbosaayala/.m2/repository/org/hamcrest/hamcrest/2.2/hamcrest-2.2.jar:/Users/alexanderbarbosaayala/.m2/repository/org/junit/jupiter/junit-jupiter/5.8.2/junit-jupiter-5.8.2.jar:/Users/alexanderbarbosaayala/.m2/repository/org/junit/jupiter/junit-jupiter-api/5.8.2/junit-jupiter-api-5.8.2.jar:/Users/alexanderbarbosaayala/.m2/repository/org/opentest4j/opentest4j/1.2.0/opentest4j-1.2.0.jar:/Users/alexanderbarbosaayala/.m2/repository/org/junit/platform/junit-platform-commons/1.8.2/junit-platform-commons-1.8.2.jar:/Users/alexanderbarbosaayala/.m2/repository/org/apiguardian/apiguardian-api/1.1.2/apiguardian-api-1.1.2.jar:/Users/alexanderbarbosaayala/.m2/repository/org/junit/jupiter/junit-jupiter-params/5.8.2/junit-jupiter-params-5.8.2.jar:/Users/alexanderbarbosaayala/.m2/repository/org/junit/jupiter/junit-jupiter-engine/5.8.2/junit-jupiter-engine-5.8.2.jar:/Users/alexanderbarbosaayala/.m2/repository/org/junit/platform/junit-platform-engine/1.8.2/junit-platform-engine-1.8.2.jar:/Users/alexanderbarbosaayala/.m2/repository/org/mockito/mockito-core/4.5.1/mockito-core-4.5.1.jar:/Users/alexanderbarbosaayala/.m2/repository/net/bytebuddy/byte-buddy/1.12.10/byte-buddy-1.12.10.jar:/Users/alexanderbarbosaayala/.m2/repository/net/bytebuddy/byte-buddy-agent/1.12.10/byte-buddy-agent-1.12.10.jar:/Users/alexanderbarbosaayala/.m2/repository/org/objenesis/objenesis/3.2/objenesis-3.2.jar:/Users/alexanderbarbosaayala/.m2/repository/org/mockito/mockito-junit-jupiter/4.5.1/mockito-junit-jupiter-4.5.1.jar:/Users/alexanderbarbosaayala/.m2/repository/org/skyscreamer/jsonassert/1.5.0/jsonassert-1.5.0.jar:/Users/alexanderbarbosaayala/.m2/repository/com/vaadin/external/google/android-json/0.0.20131108.vaadin1/android-json-0.0.20131108.vaadin1.jar:/Users/alexanderbarbosaayala/.m2/repository/org/springframework/spring-core/5.3.20/spring-core-5.3.20.jar:/Users/alexanderbarbosaayala/.m2/repository/org/springframework/spring-jcl/5.3.20/spring-jcl-5.3.20.jar:/Users/alexanderbarbosaayala/.m2/repository/org/springframework/spring-test/5.3.20/spring-test-5.3.20.jar:/Users/alexanderbarbosaayala/.m2/repository/org/xmlunit/xmlunit-core/2.9.0/xmlunit-core-2.9.0.jar:/Users/alexanderbarbosaayala/.m2/repository/org/infinispan/infinispan-spring-boot-starter-remote/14.0.2.Final-redhat-00001/infinispan-spring-boot-starter-remote-14.0.2.Final-redhat-00001.jar:/Users/alexanderbarbosaayala/.m2/repository/org/infinispan/infinispan-client-hotrod/14.0.2.Final-redhat-00001/infinispan-client-hotrod-14.0.2.Final-redhat-00001.jar:/Users/alexanderbarbosaayala/.m2/repository/org/wildfly/security/wildfly-elytron-sasl-digest/1.20.1.Final-redhat-00001/wildfly-elytron-sasl-digest-1.20.1.Final-redhat-00001.jar:/Users/alexanderbarbosaayala/.m2/repository/org/wildfly/security/wildfly-elytron-auth-server/1.20.1.Final-redhat-00001/wildfly-elytron-auth-server-1.20.1.Final-redhat-00001.jar:/Users/alexanderbarbosaayala/.m2/repository/org/wildfly/security/wildfly-elytron-auth/1.20.1.Final-redhat-00001/wildfly-elytron-auth-1.20.1.Final-redhat-00001.jar:/Users/alexanderbarbosaayala/.m2/repository/org/wildfly/security/wildfly-elytron-base/1.20.1.Final-redhat-00001/wildfly-elytron-base-1.20.1.Final-redhat-00001.jar:/Users/alexanderbarbosaayala/.m2/repository/org/wildfly/security/wildfly-elytron-permission/1.20.1.Final-redhat-00001/wildfly-elytron-permission-1.20.1.Final-redhat-00001.jar:/Users/alexanderbarbosaayala/.m2/repository/org/wildfly/security/wildfly-elytron-x500/1.20.1.Final-redhat-00001/wildfly-elytron-x500-1.20.1.Final-redhat-00001.jar:/Users/alexanderbarbosaayala/.m2/repository/org/wildfly/security/wildfly-elytron-credential/1.20.1.Final-redhat-00001/wildfly-elytron-credential-1.20.1.Final-redhat-00001.jar:/Users/alexanderbarbosaayala/.m2/repository/org/wildfly/security/wildfly-elytron-keystore/1.20.1.Final-redhat-00001/wildfly-elytron-keystore-1.20.1.Final-redhat-00001.jar:/Users/alexanderbarbosaayala/.m2/repository/org/wildfly/security/wildfly-elytron-x500-cert/1.20.1.Final-redhat-00001/wildfly-elytron-x500-cert-1.20.1.Final-redhat-00001.jar:/Users/alexanderbarbosaayala/.m2/repository/org/wildfly/security/wildfly-elytron-x500-cert-util/1.20.1.Final-redhat-00001/wildfly-elytron-x500-cert-util-1.20.1.Final-redhat-00001.jar:/Users/alexanderbarbosaayala/.m2/repository/org/apache/sshd/sshd-common/2.7.0.redhat-00001/sshd-common-2.7.0.redhat-00001.jar:/Users/alexanderbarbosaayala/.m2/repository/org/slf4j/jcl-over-slf4j/1.7.36/jcl-over-slf4j-1.7.36.jar:/Users/alexanderbarbosaayala/.m2/repository/org/wildfly/security/wildfly-elytron-provider-util/1.20.1.Final-redhat-00001/wildfly-elytron-provider-util-1.20.1.Final-redhat-00001.jar:/Users/alexanderbarbosaayala/.m2/repository/org/wildfly/security/wildfly-elytron-mechanism/1.20.1.Final-redhat-00001/wildfly-elytron-mechanism-1.20.1.Final-redhat-00001.jar:/Users/alexanderbarbosaayala/.m2/repository/org/wildfly/security/wildfly-elytron-http/1.20.1.Final-redhat-00001/wildfly-elytron-http-1.20.1.Final-redhat-00001.jar:/Users/alexanderbarbosaayala/.m2/repository/org/wildfly/security/wildfly-elytron-mechanism-digest/1.20.1.Final-redhat-00001/wildfly-elytron-mechanism-digest-1.20.1.Final-redhat-00001.jar:/Users/alexanderbarbosaayala/.m2/repository/org/wildfly/security/wildfly-elytron-sasl/1.20.1.Final-redhat-00001/wildfly-elytron-sasl-1.20.1.Final-redhat-00001.jar:/Users/alexanderbarbosaayala/.m2/repository/org/wildfly/security/wildfly-elytron-ssl/1.20.1.Final-redhat-00001/wildfly-elytron-ssl-1.20.1.Final-redhat-00001.jar:/Users/alexanderbarbosaayala/.m2/repository/org/wildfly/security/wildfly-elytron-util/1.20.1.Final-redhat-00001/wildfly-elytron-util-1.20.1.Final-redhat-00001.jar:/Users/alexanderbarbosaayala/.m2/repository/org/wildfly/common/wildfly-common/1.5.4.Final-redhat-00001/wildfly-common-1.5.4.Final-redhat-00001.jar:/Users/alexanderbarbosaayala/.m2/repository/org/wildfly/security/wildfly-elytron-sasl-external/1.20.1.Final-redhat-00001/wildfly-elytron-sasl-external-1.20.1.Final-redhat-00001.jar:/Users/alexanderbarbosaayala/.m2/repository/org/wildfly/security/wildfly-elytron-sasl-gs2/1.20.1.Final-redhat-00001/wildfly-elytron-sasl-gs2-1.20.1.Final-redhat-00001.jar:/Users/alexanderbarbosaayala/.m2/repository/org/wildfly/security/wildfly-elytron-asn1/1.20.1.Final-redhat-00001/wildfly-elytron-asn1-1.20.1.Final-redhat-00001.jar:/Users/alexanderbarbosaayala/.m2/repository/org/wildfly/security/wildfly-elytron-mechanism-gssapi/1.20.1.Final-redhat-00001/wildfly-elytron-mechanism-gssapi-1.20.1.Final-redhat-00001.jar:/Users/alexanderbarbosaayala/.m2/repository/org/wildfly/security/wildfly-elytron-security-manager-action/1.20.1.Final-redhat-00001/wildfly-elytron-security-manager-action-1.20.1.Final-redhat-00001.jar:/Users/alexanderbarbosaayala/.m2/repository/org/wildfly/security/wildfly-elytron-sasl-gssapi/1.20.1.Final-redhat-00001/wildfly-elytron-sasl-gssapi-1.20.1.Final-redhat-00001.jar:/Users/alexanderbarbosaayala/.m2/repository/org/wildfly/security/wildfly-elytron-sasl-oauth2/1.20.1.Final-redhat-00001/wildfly-elytron-sasl-oauth2-1.20.1.Final-redhat-00001.jar:/Users/alexanderbarbosaayala/.m2/repository/org/wildfly/security/wildfly-elytron-mechanism-oauth2/1.20.1.Final-redhat-00001/wildfly-elytron-mechanism-oauth2-1.20.1.Final-redhat-00001.jar:/Users/alexanderbarbosaayala/.m2/repository/org/wildfly/security/wildfly-elytron-sasl-plain/1.20.1.Final-redhat-00001/wildfly-elytron-sasl-plain-1.20.1.Final-redhat-00001.jar:/Users/alexanderbarbosaayala/.m2/repository/org/wildfly/security/wildfly-elytron-sasl-scram/1.20.1.Final-redhat-00001/wildfly-elytron-sasl-scram-1.20.1.Final-redhat-00001.jar:/Users/alexanderbarbosaayala/.m2/repository/org/wildfly/security/wildfly-elytron-mechanism-scram/1.20.1.Final-redhat-00001/wildfly-elytron-mechanism-scram-1.20.1.Final-redhat-00001.jar:/Users/alexanderbarbosaayala/.m2/repository/org/wildfly/security/wildfly-elytron-password-impl/1.20.1.Final-redhat-00001/wildfly-elytron-password-impl-1.20.1.Final-redhat-00001.jar:/Users/alexanderbarbosaayala/.m2/repository/io/netty/netty-handler/4.1.77.Final/netty-handler-4.1.77.Final.jar:/Users/alexanderbarbosaayala/.m2/repository/io/netty/netty-common/4.1.77.Final/netty-common-4.1.77.Final.jar:/Users/alexanderbarbosaayala/.m2/repository/io/netty/netty-resolver/4.1.77.Final/netty-resolver-4.1.77.Final.jar:/Users/alexanderbarbosaayala/.m2/repository/io/netty/netty-buffer/4.1.77.Final/netty-buffer-4.1.77.Final.jar:/Users/alexanderbarbosaayala/.m2/repository/io/netty/netty-transport/4.1.77.Final/netty-transport-4.1.77.Final.jar:/Users/alexanderbarbosaayala/.m2/repository/io/netty/netty-codec/4.1.77.Final/netty-codec-4.1.77.Final.jar:/Users/alexanderbarbosaayala/.m2/repository/io/reactivex/rxjava3/rxjava/3.1.4.Final-redhat-00001/rxjava-3.1.4.Final-redhat-00001.jar:/Users/alexanderbarbosaayala/.m2/repository/org/reactivestreams/reactive-streams/1.0.3/reactive-streams-1.0.3.jar:/Users/alexanderbarbosaayala/.m2/repository/io/netty/netty-transport-native-epoll/4.1.77.Final/netty-transport-native-epoll-4.1.77.Final-linux-x86_64.jar:/Users/alexanderbarbosaayala/.m2/repository/io/netty/netty-transport-native-unix-common/4.1.77.Final/netty-transport-native-unix-common-4.1.77.Final.jar:/Users/alexanderbarbosaayala/.m2/repository/io/netty/netty-transport-classes-epoll/4.1.77.Final/netty-transport-classes-epoll-4.1.77.Final.jar:/Users/alexanderbarbosaayala/.m2/repository/jakarta/transaction/jakarta.transaction-api/1.3.3/jakarta.transaction-api-1.3.3.jar:/Users/alexanderbarbosaayala/.m2/repository/org/infinispan/infinispan-commons/14.0.2.Final-redhat-00001/infinispan-commons-14.0.2.Final-redhat-00001.jar:/Users/alexanderbarbosaayala/.m2/repository/org/infinispan/protostream/protostream/4.4.3.Final/protostream-4.4.3.Final.jar:/Users/alexanderbarbosaayala/.m2/repository/org/infinispan/protostream/protostream-types/4.4.3.Final/protostream-types-4.4.3.Final.jar:/Users/alexanderbarbosaayala/.m2/repository/com/github/ben-manes/caffeine/caffeine/2.9.3/caffeine-2.9.3.jar:/Users/alexanderbarbosaayala/.m2/repository/org/jboss/logging/jboss-logging/3.4.3.Final/jboss-logging-3.4.3.Final.jar:/Users/alexanderbarbosaayala/.m2/repository/org/infinispan/infinispan-query-dsl/14.0.2.Final-redhat-00001/infinispan-query-dsl-14.0.2.Final-redhat-00001.jar:/Users/alexanderbarbosaayala/.m2/repository/org/infinispan/infinispan-spring5-common/14.0.2.Final-redhat-00001/infinispan-spring5-common-14.0.2.Final-redhat-00001.jar:/Users/alexanderbarbosaayala/.m2/repository/org/infinispan/infinispan-spring5-remote/14.0.2.Final-redhat-00001/infinispan-spring5-remote-14.0.2.Final-redhat-00001.jar:/Users/alexanderbarbosaayala/.m2/repository/org/infinispan/infinispan-spring5-embedded/14.0.2.Final-redhat-00001/infinispan-spring5-embedded-14.0.2.Final-redhat-00001.jar:/Users/alexanderbarbosaayala/.m2/repository/org/infinispan/infinispan-core/14.0.2.Final-redhat-00001/infinispan-core-14.0.2.Final-redhat-00001.jar:/Users/alexanderbarbosaayala/.m2/repository/org/jgroups/jgroups/5.2.6.Final-redhat-00001/jgroups-5.2.6.Final-redhat-00001.jar:/Users/alexanderbarbosaayala/.m2/repository/org/jboss/threads/jboss-threads/2.3.3.Final-redhat-00001/jboss-threads-2.3.3.Final-redhat-00001.jar:/Users/alexanderbarbosaayala/.m2/repository/org/infinispan/infinispan-remote-query-client/14.0.2.Final-redhat-00001/infinispan-remote-query-client-14.0.2.Final-redhat-00001.jar:/Users/alexanderbarbosaayala/.m2/repository/org/infinispan/protostream/protostream-processor/4.4.1.Final-redhat-00004/protostream-processor-4.4.1.Final-redhat-00004.jar:/Users/alexanderbarbosaayala/.m2/repository/javax/annotation/javax.annotation-api/1.3.2/javax.annotation-api-1.3.2.jar:"/>
    <property name="sun.cpu.endian" value="little"/>
    <property name="user.home" value="/Users/alexanderbarbosaayala"/>
    <property name="user.language" value="en"/>
    <property name="java.specification.vendor" value="Oracle Corporation"/>
    <property name="java.version.date" value="2019-01-15"/>
    <property name="java.home" value="/Users/alexanderbarbosaayala/.sdkman/candidates/java/11.0.2-open"/>
    <property name="file.separator" value="/"/>
    <property name="basedir" value="/Users/alexanderbarbosaayala/Documents/workspace/hotrodJSON/hotrodspringboot"/>
    <property name="java.vm.compressedOopsMode" value="Zero based"/>
    <property name="line.separator" value="&#10;"/>
    <property name="java.specification.name" value="Java Platform API Specification"/>
    <property name="java.vm.specification.vendor" value="Oracle Corporation"/>
    <property name="java.awt.graphicsenv" value="sun.awt.CGraphicsEnvironment"/>
    <property name="surefire.real.class.path" value="/Users/alexanderbarbosaayala/Documents/workspace/hotrodJSON/hotrodspringboot/target/surefire/surefirebooter3726980928359590961.jar"/>
    <property name="sun.management.compiler" value="HotSpot 64-Bit Tiered Compilers"/>
    <property name="ftp.nonProxyHosts" value="local|*.local|169.254/16|*.169.254/16"/>
    <property name="java.runtime.version" value="11.0.2+9"/>
    <property name="user.name" value="alexanderbarbosaayala"/>
    <property name="path.separator" value=":"/>
    <property name="os.version" value="10.16"/>
    <property name="java.runtime.name" value="OpenJDK Runtime Environment"/>
    <property name="file.encoding" value="UTF-8"/>
    <property name="java.vm.name" value="OpenJDK 64-Bit Server VM"/>
    <property name="java.vendor.version" value="18.9"/>
    <property name="localRepository" value="/Users/alexanderbarbosaayala/.m2/repository"/>
    <property name="java.vendor.url.bug" value="http://bugreport.java.com/bugreport/"/>
    <property name="java.io.tmpdir" value="/var/folders/5s/jhd1x2_j4h381spph19mjv800000gn/T/"/>
    <property name="java.version" value="11.0.2"/>
    <property name="user.dir" value="/Users/alexanderbarbosaayala/Documents/workspace/hotrodJSON/hotrodspringboot"/>
    <property name="os.arch" value="x86_64"/>
    <property name="java.vm.specification.name" value="Java Virtual Machine Specification"/>
    <property name="java.awt.printerjob" value="sun.lwawt.macosx.CPrinterJob"/>
    <property name="sun.os.patch.level" value="unknown"/>
    <property name="java.library.path" value="/Users/alexanderbarbosaayala/Library/Java/Extensions:/Library/Java/Extensions:/Network/Library/Java/Extensions:/System/Library/Java/Extensions:/usr/lib/java:."/>
    <property name="java.vendor" value="Oracle Corporation"/>
    <property name="java.vm.info" value="mixed mode"/>
    <property name="java.vm.version" value="11.0.2+9"/>
    <property name="sun.io.unicode.encoding" value="UnicodeBig"/>
    <property name="java.class.version" value="55.0"/>
    <property name="socksNonProxyHosts" value="local|*.local|169.254/16|*.169.254/16"/>
  </properties>
  <testcase name="contextLoads" classname="com.redhat.hotrod.hotrodspringboot.HotrodspringbootApplicationTests" time="0.517"/>
</testsuite>